<?xml version="1.0" encoding="UTF-8"?>
<!-- Generated by org.testng.reporters.JUnitReportReporter -->
<testsuite skipped="0" hostname="ALOKKUMAR" name="com.mobileauto.testclass.Login" tests="1" failures="0" timestamp="06 Jun 2019 20:45:26 GMT" time="51.268" errors="0">
  <testcase name="verifyElements" time="51.268" classname="com.mobileauto.testclass.Login"/>
</testsuite> <!-- com.mobileauto.testclass.Login -->
